[0313/205152.617:ERROR:process_reader_win.cc(123)] NtOpenThread: {Access Denied} A process has requested access to an object, but has not been granted those access rights. (0xc0000022)
[0313/205152.619:ERROR:exception_snapshot_win.cc(98)] thread ID 7588 not found in process
[0313/205152.782:ERROR:process_reader_win.cc(123)] NtOpenThread: {Access Denied} A process has requested access to an object, but has not been granted those access rights. (0xc0000022)
[0313/205152.782:ERROR:exception_snapshot_win.cc(98)] thread ID 6016 not found in process
[0313/205152.934:ERROR:process_reader_win.cc(123)] NtOpenThread: {Access Denied} A process has requested access to an object, but has not been granted those access rights. (0xc0000022)
[0313/205152.934:ERROR:exception_snapshot_win.cc(98)] thread ID 8560 not found in process
[0313/205153.016:ERROR:process_reader_win.cc(123)] NtOpenThread: {Access Denied} A process has requested access to an object, but has not been granted those access rights. (0xc0000022)
[0313/205153.016:ERROR:exception_snapshot_win.cc(98)] thread ID 1992 not found in process
[0313/205153.119:ERROR:process_reader_win.cc(123)] NtOpenThread: {Access Denied} A process has requested access to an object, but has not been granted those access rights. (0xc0000022)
[0313/205153.119:ERROR:exception_snapshot_win.cc(98)] thread ID 2756 not found in process
[0313/205754.559:ERROR:process_reader_win.cc(123)] NtOpenThread: {Access Denied} A process has requested access to an object, but has not been granted those access rights. (0xc0000022)
[0313/205754.560:ERROR:exception_snapshot_win.cc(98)] thread ID 1352 not found in process
[0313/205754.621:ERROR:process_reader_win.cc(123)] NtOpenThread: {Access Denied} A process has requested access to an object, but has not been granted those access rights. (0xc0000022)
[0313/205754.621:ERROR:exception_snapshot_win.cc(98)] thread ID 7456 not found in process
[0313/205754.690:ERROR:process_info.cc(329)] VirtualQueryEx: Access is denied. (0x5)
[0313/205754.691:ERROR:process_info.cc(556)] ReadMemoryInfo failed
[0313/205754.691:ERROR:scoped_process_suspend.cc(40)] NtResumeProcess: An attempt was made to access an exiting process. (0xc000010a)
[0313/210247.700:ERROR:process_reader_win.cc(123)] NtOpenThread: {Access Denied} A process has requested access to an object, but has not been granted those access rights. (0xc0000022)
[0313/210247.701:ERROR:exception_snapshot_win.cc(98)] thread ID 3696 not found in process
[0313/210247.802:ERROR:process_reader_win.cc(123)] NtOpenThread: {Access Denied} A process has requested access to an object, but has not been granted those access rights. (0xc0000022)
[0313/210247.802:ERROR:exception_snapshot_win.cc(98)] thread ID 4752 not found in process
[0313/210247.866:ERROR:process_reader_win.cc(123)] NtOpenThread: {Access Denied} A process has requested access to an object, but has not been granted those access rights. (0xc0000022)
[0313/210247.866:ERROR:exception_snapshot_win.cc(98)] thread ID 2488 not found in process
[0313/210248.065:ERROR:process_reader_win.cc(123)] NtOpenThread: {Access Denied} A process has requested access to an object, but has not been granted those access rights. (0xc0000022)
[0313/210248.065:ERROR:exception_snapshot_win.cc(98)] thread ID 8724 not found in process
[0313/210248.210:ERROR:process_reader_win.cc(123)] NtOpenThread: {Access Denied} A process has requested access to an object, but has not been granted those access rights. (0xc0000022)
[0313/210248.210:ERROR:exception_snapshot_win.cc(98)] thread ID 4356 not found in process
[0313/210248.296:ERROR:process_reader_win.cc(123)] NtOpenThread: {Access Denied} A process has requested access to an object, but has not been granted those access rights. (0xc0000022)
[0313/210248.297:ERROR:exception_snapshot_win.cc(98)] thread ID 4448 not found in process
[0313/210650.073:ERROR:process_reader_win.cc(123)] NtOpenThread: {Access Denied} A process has requested access to an object, but has not been granted those access rights. (0xc0000022)
[0313/210650.074:ERROR:exception_snapshot_win.cc(98)] thread ID 3632 not found in process
[0313/210650.137:ERROR:process_reader_win.cc(123)] NtOpenThread: {Access Denied} A process has requested access to an object, but has not been granted those access rights. (0xc0000022)
[0313/210650.137:ERROR:exception_snapshot_win.cc(98)] thread ID 752 not found in process
[0313/210650.206:ERROR:process_reader_win.cc(123)] NtOpenThread: {Access Denied} A process has requested access to an object, but has not been granted those access rights. (0xc0000022)
[0313/210650.206:ERROR:exception_snapshot_win.cc(98)] thread ID 4208 not found in process
[0313/210650.283:ERROR:process_reader_win.cc(123)] NtOpenThread: {Access Denied} A process has requested access to an object, but has not been granted those access rights. (0xc0000022)
[0313/210650.284:ERROR:exception_snapshot_win.cc(98)] thread ID 1532 not found in process
[0313/210650.353:ERROR:process_reader_win.cc(123)] NtOpenThread: {Access Denied} A process has requested access to an object, but has not been granted those access rights. (0xc0000022)
[0313/210650.353:ERROR:exception_snapshot_win.cc(98)] thread ID 4584 not found in process
[0313/210650.438:ERROR:process_reader_win.cc(123)] NtOpenThread: {Access Denied} A process has requested access to an object, but has not been granted those access rights. (0xc0000022)
[0313/210650.438:ERROR:exception_snapshot_win.cc(98)] thread ID 8684 not found in process
[0313/211701.038:ERROR:process_reader_win.cc(123)] NtOpenThread: {Access Denied} A process has requested access to an object, but has not been granted those access rights. (0xc0000022)
[0313/211701.039:ERROR:exception_snapshot_win.cc(98)] thread ID 8540 not found in process
[0313/211701.108:ERROR:process_reader_win.cc(123)] NtOpenThread: {Access Denied} A process has requested access to an object, but has not been granted those access rights. (0xc0000022)
[0313/211701.108:ERROR:exception_snapshot_win.cc(98)] thread ID 2408 not found in process
[0313/211701.184:ERROR:process_reader_win.cc(123)] NtOpenThread: {Access Denied} A process has requested access to an object, but has not been granted those access rights. (0xc0000022)
[0313/211701.184:ERROR:exception_snapshot_win.cc(98)] thread ID 4272 not found in process
[0313/211701.256:ERROR:process_reader_win.cc(123)] NtOpenThread: {Access Denied} A process has requested access to an object, but has not been granted those access rights. (0xc0000022)
[0313/211701.256:ERROR:exception_snapshot_win.cc(98)] thread ID 8532 not found in process
[0313/211701.441:ERROR:process_reader_win.cc(123)] NtOpenThread: {Access Denied} A process has requested access to an object, but has not been granted those access rights. (0xc0000022)
[0313/211701.441:ERROR:exception_snapshot_win.cc(98)] thread ID 7452 not found in process
[0313/211701.572:ERROR:process_reader_win.cc(123)] NtOpenThread: {Access Denied} A process has requested access to an object, but has not been granted those access rights. (0xc0000022)
[0313/211701.572:ERROR:exception_snapshot_win.cc(98)] thread ID 9096 not found in process
[0313/211701.646:ERROR:process_reader_win.cc(123)] NtOpenThread: {Access Denied} A process has requested access to an object, but has not been granted those access rights. (0xc0000022)
[0313/211701.646:ERROR:exception_snapshot_win.cc(98)] thread ID 8712 not found in process
[0314/003701.324:ERROR:process_reader_win.cc(123)] NtOpenThread: {Access Denied} A process has requested access to an object, but has not been granted those access rights. (0xc0000022)
[0314/003701.354:ERROR:exception_snapshot_win.cc(98)] thread ID 8948 not found in process
[0314/003701.425:ERROR:process_reader_win.cc(123)] NtOpenThread: {Access Denied} A process has requested access to an object, but has not been granted those access rights. (0xc0000022)
[0314/003701.425:ERROR:exception_snapshot_win.cc(98)] thread ID 8888 not found in process
[0314/003701.617:ERROR:process_reader_win.cc(123)] NtOpenThread: {Access Denied} A process has requested access to an object, but has not been granted those access rights. (0xc0000022)
[0314/003701.617:ERROR:exception_snapshot_win.cc(98)] thread ID 8808 not found in process
[0314/003701.745:ERROR:process_reader_win.cc(123)] NtOpenThread: {Access Denied} A process has requested access to an object, but has not been granted those access rights. (0xc0000022)
[0314/003701.746:ERROR:exception_snapshot_win.cc(98)] thread ID 8992 not found in process
[0314/003701.918:ERROR:process_reader_win.cc(123)] NtOpenThread: {Access Denied} A process has requested access to an object, but has not been granted those access rights. (0xc0000022)
[0314/003701.919:ERROR:exception_snapshot_win.cc(98)] thread ID 8008 not found in process
[0314/003702.034:ERROR:process_reader_win.cc(123)] NtOpenThread: {Access Denied} A process has requested access to an object, but has not been granted those access rights. (0xc0000022)
[0314/003702.034:ERROR:exception_snapshot_win.cc(98)] thread ID 8904 not found in process
[0314/133234.435:ERROR:process_reader_win.cc(123)] NtOpenThread: {Access Denied} A process has requested access to an object, but has not been granted those access rights. (0xc0000022)
[0314/133234.493:ERROR:exception_snapshot_win.cc(98)] thread ID 8196 not found in process
[0314/133234.585:ERROR:process_reader_win.cc(151)] SuspendThread: Access is denied. (0x5)
[0314/133234.586:ERROR:process_reader_win.cc(123)] NtOpenThread: {Access Denied} A process has requested access to an object, but has not been granted those access rights. (0xc0000022)
[0314/133234.586:ERROR:exception_snapshot_win.cc(98)] thread ID 3692 not found in process
[0314/134206.363:ERROR:process_reader_win.cc(123)] NtOpenThread: {Access Denied} A process has requested access to an object, but has not been granted those access rights. (0xc0000022)
[0314/134206.364:ERROR:exception_snapshot_win.cc(98)] thread ID 8672 not found in process
[0314/134206.472:ERROR:process_reader_win.cc(123)] NtOpenThread: {Access Denied} A process has requested access to an object, but has not been granted those access rights. (0xc0000022)
[0314/134206.472:ERROR:exception_snapshot_win.cc(98)] thread ID 7780 not found in process
[0314/134206.566:ERROR:process_reader_win.cc(123)] NtOpenThread: {Access Denied} A process has requested access to an object, but has not been granted those access rights. (0xc0000022)
[0314/134206.566:ERROR:exception_snapshot_win.cc(98)] thread ID 8164 not found in process
[0314/134206.686:ERROR:process_reader_win.cc(123)] NtOpenThread: {Access Denied} A process has requested access to an object, but has not been granted those access rights. (0xc0000022)
[0314/134206.687:ERROR:exception_snapshot_win.cc(98)] thread ID 5436 not found in process
[0314/134207.092:ERROR:process_reader_win.cc(123)] NtOpenThread: {Access Denied} A process has requested access to an object, but has not been granted those access rights. (0xc0000022)
[0314/134207.092:ERROR:exception_snapshot_win.cc(98)] thread ID 7116 not found in process
[0314/134207.341:ERROR:process_reader_win.cc(123)] NtOpenThread: {Access Denied} A process has requested access to an object, but has not been granted those access rights. (0xc0000022)
[0314/134207.341:ERROR:exception_snapshot_win.cc(98)] thread ID 8424 not found in process
[0314/134207.470:ERROR:process_reader_win.cc(123)] NtOpenThread: {Access Denied} A process has requested access to an object, but has not been granted those access rights. (0xc0000022)
[0314/134207.471:ERROR:exception_snapshot_win.cc(98)] thread ID 8300 not found in process
[0314/134207.657:ERROR:process_reader_win.cc(123)] NtOpenThread: {Access Denied} A process has requested access to an object, but has not been granted those access rights. (0xc0000022)
[0314/134207.657:ERROR:exception_snapshot_win.cc(98)] thread ID 4984 not found in process
[0314/134207.738:ERROR:process_reader_win.cc(123)] NtOpenThread: {Access Denied} A process has requested access to an object, but has not been granted those access rights. (0xc0000022)
[0314/134207.738:ERROR:exception_snapshot_win.cc(98)] thread ID 7484 not found in process
[0314/134207.823:ERROR:process_reader_win.cc(123)] NtOpenThread: {Access Denied} A process has requested access to an object, but has not been granted those access rights. (0xc0000022)
[0314/134207.823:ERROR:exception_snapshot_win.cc(98)] thread ID 3728 not found in process
[0314/134207.909:ERROR:process_reader_win.cc(123)] NtOpenThread: {Access Denied} A process has requested access to an object, but has not been granted those access rights. (0xc0000022)
[0314/134207.909:ERROR:exception_snapshot_win.cc(98)] thread ID 7580 not found in process
[0314/134208.098:ERROR:process_reader_win.cc(123)] NtOpenThread: {Access Denied} A process has requested access to an object, but has not been granted those access rights. (0xc0000022)
[0314/134208.099:ERROR:exception_snapshot_win.cc(98)] thread ID 3504 not found in process
[0314/134208.262:ERROR:process_reader_win.cc(123)] NtOpenThread: {Access Denied} A process has requested access to an object, but has not been granted those access rights. (0xc0000022)
[0314/134208.262:ERROR:exception_snapshot_win.cc(98)] thread ID 9004 not found in process
[0314/134208.430:ERROR:process_reader_win.cc(123)] NtOpenThread: {Access Denied} A process has requested access to an object, but has not been granted those access rights. (0xc0000022)
[0314/134208.430:ERROR:exception_snapshot_win.cc(98)] thread ID 1868 not found in process
[0314/134208.548:ERROR:process_reader_win.cc(123)] NtOpenThread: {Access Denied} A process has requested access to an object, but has not been granted those access rights. (0xc0000022)
[0314/134208.548:ERROR:exception_snapshot_win.cc(98)] thread ID 5692 not found in process
[0314/150923.337:ERROR:process_reader_win.cc(151)] SuspendThread: Access is denied. (0x5)
[0314/150923.338:ERROR:process_reader_win.cc(123)] NtOpenThread: {Access Denied} A process has requested access to an object, but has not been granted those access rights. (0xc0000022)
[0314/150923.338:ERROR:exception_snapshot_win.cc(98)] thread ID 2628 not found in process
[0314/150923.402:ERROR:process_reader_win.cc(123)] NtOpenThread: {Access Denied} A process has requested access to an object, but has not been granted those access rights. (0xc0000022)
[0314/150923.402:ERROR:exception_snapshot_win.cc(98)] thread ID 8908 not found in process
[0314/203848.632:ERROR:process_reader_win.cc(123)] NtOpenThread: {Access Denied} A process has requested access to an object, but has not been granted those access rights. (0xc0000022)
[0314/203848.642:ERROR:exception_snapshot_win.cc(98)] thread ID 2320 not found in process
[0314/203848.707:ERROR:process_reader_win.cc(123)] NtOpenThread: {Access Denied} A process has requested access to an object, but has not been granted those access rights. (0xc0000022)
[0314/203848.708:ERROR:exception_snapshot_win.cc(98)] thread ID 228 not found in process
[0314/203848.786:ERROR:process_reader_win.cc(123)] NtOpenThread: {Access Denied} A process has requested access to an object, but has not been granted those access rights. (0xc0000022)
[0314/203848.786:ERROR:exception_snapshot_win.cc(98)] thread ID 6656 not found in process
[0314/203848.874:ERROR:process_reader_win.cc(123)] NtOpenThread: {Access Denied} A process has requested access to an object, but has not been granted those access rights. (0xc0000022)
[0314/203848.875:ERROR:exception_snapshot_win.cc(98)] thread ID 7668 not found in process
[0314/203848.954:ERROR:process_reader_win.cc(123)] NtOpenThread: {Access Denied} A process has requested access to an object, but has not been granted those access rights. (0xc0000022)
[0314/203848.954:ERROR:exception_snapshot_win.cc(98)] thread ID 6176 not found in process
[0314/203849.029:ERROR:process_reader_win.cc(123)] NtOpenThread: {Access Denied} A process has requested access to an object, but has not been granted those access rights. (0xc0000022)
[0314/203849.029:ERROR:exception_snapshot_win.cc(98)] thread ID 2960 not found in process
[0314/203849.068:ERROR:scoped_process_suspend.cc(40)] NtResumeProcess: An attempt was made to access an exiting process. (0xc000010a)
